<?xml version="1.0" encoding="UTF-8"?>
<!-- Generated by org.testng.reporters.JUnitReportReporter -->
<testsuite hostname="NODLTP52039252" failures="0" tests="1" name="utility_info.ExtentReport" time="0.009" errors="0" timestamp="2021-01-16T23:42:55 IST" skipped="0">
  <testcase classname="utility_info.ExtentReport" name="demo" time="0.009"/>
  <system-out/>
</testsuite> <!-- utility_info.ExtentReport -->
